\BOOKMARK [0][-]{chapter.1}{\376\377\000T\000o\000-\000b\000e\000\040\000n\000a\000m\000e\000d\000\040\000C\000h\000a\000p\000t\000e\000r}{}% 1
\BOOKMARK [1][-]{section.1.1}{\376\377\000S\000t\000u\000d\000y\000\040\000A\000r\000e\000a}{chapter.1}% 2
\BOOKMARK [1][-]{section.1.2}{\376\377\000D\000a\000t\000a\000s\000e\000t\000\040\000S\000o\000u\000r\000c\000e\000s}{chapter.1}% 3
\BOOKMARK [2][-]{subsection.1.2.1}{\376\377\000W\000i\000l\000d\000f\000i\000r\000e\000\040\000O\000c\000c\000u\000r\000r\000e\000n\000c\000e\000s}{section.1.2}% 4
\BOOKMARK [2][-]{subsection.1.2.2}{\376\377\000W\000e\000a\000t\000h\000e\000r\000\040\000V\000a\000r\000i\000a\000b\000l\000e\000s}{section.1.2}% 5
\BOOKMARK [2][-]{subsection.1.2.3}{\376\377\000F\000u\000e\000l\000\040\000V\000a\000r\000i\000a\000b\000l\000e\000s}{section.1.2}% 6
\BOOKMARK [2][-]{subsection.1.2.4}{\376\377\000T\000o\000p\000o\000g\000r\000a\000p\000h\000y\000\040\000V\000a\000r\000i\000a\000b\000l\000e\000s}{section.1.2}% 7
\BOOKMARK [1][-]{section.1.3}{\376\377\000D\000a\000t\000a\000\040\000P\000r\000e\000p\000a\000r\000a\000t\000i\000o\000n}{chapter.1}% 8
\BOOKMARK [1][-]{section.1.4}{\376\377\000V\000a\000r\000i\000a\000b\000l\000e\000s\000\040\000E\000x\000p\000l\000a\000n\000a\000t\000i\000o\000n}{chapter.1}% 9
\BOOKMARK [2][-]{subsection.1.4.1}{\376\377\000O\000p\000e\000n\000-\000m\000e\000t\000e\000o\000\040\000h\000o\000u\000r\000l\000y\000\040\000w\000e\000a\000t\000h\000e\000r\000\040\000v\000a\000r\000i\000a\000b\000l\000e\000s\000\040\000Z\000i\000p\000p\000e\000n\000f\000e\000n\000i\000g\000O\000p\000e\000n\000-\000M\000e\000t\000e\000o}{section.1.4}% 10
\BOOKMARK [2][-]{subsection.1.4.2}{\376\377\000F\000i\000r\000e\000\040\000d\000a\000n\000g\000e\000r\000\040\000i\000n\000d\000i\000c\000e\000s\000\040\000h\000i\000s\000t\000o\000r\000i\000c\000a\000l\000\040\000d\000a\000t\000a\000\040\000f\000r\000o\000m\000\040\000t\000h\000e\000\040\000C\000o\000p\000e\000r\000n\000i\000c\000u\000s\000\040\000E\000m\000e\000r\000g\000e\000n\000c\000y\000\040\000M\000a\000n\000a\000g\000e\000m\000e\000n\000t\000\040\000S\000e\000r\000v\000i\000c\000e\000\040\000C\000o\000p\000e\000r\000n\000i\000c\000u\000s\000C\000D\000S\0002\0000\0001\0009}{section.1.4}% 11
\BOOKMARK [2][-]{subsection.1.4.3}{\376\377\000F\000o\000r\000e\000s\000t\000\040\000I\000n\000v\000e\000n\000t\000o\000r\000y\000\040\0002\0000\0001\0005\000\040\000u\000v\000a\0002\0000\0002\0001\000f\000o\000r\000e\000s\000t\000r\000y\000,\000h\000t\000t\000p\000s\000:\000/\000/\000d\000o\000i\000.\000o\000r\000g\000/\0001\0000\000.\0001\0005\0004\0006\0008\000/\000d\000l\000.\000z\000w\000f\000m\000b\000t}{section.1.4}% 12
\BOOKMARK [1][-]{section.1.5}{\376\377\000A\000d\000d\000i\000t\000i\000o\000n\000a\000l\000\040\000s\000o\000u\000r\000c\000e\000s\000\040\000o\000f\000\040\000D\000a\000t\000a}{chapter.1}% 13
\BOOKMARK [1][-]{section.1.6}{\376\377\000C\000r\000e\000a\000t\000i\000n\000g\000\040\000t\000h\000e\000\040\000d\000a\000t\000a\000s\000e\000t}{chapter.1}% 14
\BOOKMARK [2][-]{subsection.1.6.1}{\376\377\000E\000n\000t\000r\000y\000\040\000s\000e\000l\000e\000c\000t\000i\000o\000n}{section.1.6}% 15
\BOOKMARK [2][-]{subsection.1.6.2}{\376\377\000G\000e\000o\000c\000o\000d\000i\000n\000g\000\040\000p\000l\000a\000c\000e\000s\000\040\000f\000r\000o\000m\000\040\0002\0000\0000\0001\000\040\000t\000o\000\040\0002\0000\0001\0002\000\040\000h\000i\000s\000t\000o\000r\000i\000c\000a\000l\000\040\000w\000i\000l\000d\000f\000i\000r\000e\000\040\000l\000o\000c\000a\000t\000i\000o\000n\000s}{section.1.6}% 16
\BOOKMARK [2][-]{subsection.1.6.3}{\376\377\000R\000e\000t\000r\000i\000e\000v\000i\000n\000g\000\040\000h\000i\000s\000t\000o\000r\000i\000c\000a\000l\000\040\000m\000e\000t\000e\000o\000r\000o\000l\000o\000g\000i\000c\000a\000l\000\040\000d\000a\000t\000a}{section.1.6}% 17
\BOOKMARK [2][-]{subsection.1.6.4}{\376\377\000L\000i\000n\000k\000i\000n\000g\000\040\000h\000i\000s\000t\000o\000r\000i\000c\000a\000l\000\040\000w\000i\000l\000d\000f\000i\000r\000e\000s\000\040\000w\000i\000t\000h\000\040\000h\000i\000s\000t\000o\000r\000i\000c\000a\000l\000\040\000w\000e\000a\000t\000h\000e\000r\000\040\000d\000a\000t\000a}{section.1.6}% 18
\BOOKMARK [2][-]{subsection.1.6.5}{\376\377\000M\000a\000t\000c\000h\000i\000n\000g\000\040\000e\000a\000c\000h\000\040\000h\000i\000s\000t\000o\000r\000i\000c\000a\000l\000\040\000w\000i\000l\000d\000f\000i\000r\000e\000\040\000w\000i\000t\000h\000\040\000t\000r\000e\000e\000\040\000s\000p\000e\000c\000i\000e\000s}{section.1.6}% 19
\BOOKMARK [2][-]{subsection.1.6.6}{\376\377\000L\000o\000c\000a\000t\000i\000o\000n\000s\000\040\000i\000n\000\040\000t\000h\000e\000\040\000m\000i\000d\000d\000l\000e\000\040\000o\000f\000\040\000t\000h\000e\000\040\000s\000e\000a\000.}{section.1.6}% 20
\BOOKMARK [2][-]{subsection.1.6.7}{\376\377\000D\000a\000t\000a\000s\000e\000t\000\040\000d\000e\000s\000c\000r\000i\000p\000t\000i\000o\000n}{section.1.6}% 21
\BOOKMARK [1][-]{section.1.7}{\376\377\000M\000a\000t\000e\000r\000i\000a\000l\000s\000\040\000a\000n\000d\000\040\000M\000e\000t\000h\000o\000d\000s}{chapter.1}% 22
\BOOKMARK [2][-]{subsection.1.7.1}{\376\377\000S\000t\000u\000d\000y\000\040\000A\000r\000e\000a}{section.1.7}% 23
\BOOKMARK [1][-]{section.1.8}{\376\377\000P\000y\000t\000h\000o\000n\000\040\000l\000i\000b\000r\000a\000r\000i\000e\000s\000\040\000u\000s\000e\000d\000\040\000i\000n\000\040\000t\000h\000e\000\040\000c\000o\000n\000c\000e\000p\000t\000i\000o\000n\000\040\000o\000f\000\040\000t\000h\000e\000\040\000d\000a\000t\000a\000s\000e\000t}{chapter.1}% 24
\BOOKMARK [1][-]{section.1.9}{\376\377\000E\000n\000t\000r\000y\000\040\000S\000e\000l\000e\000c\000t\000i\000o\000n}{chapter.1}% 25
\BOOKMARK [0][-]{chapter*.16}{\376\377\000R\000e\000f\000e\000r\000e\000n\000c\000e\000s}{}% 26
